# JRE version: OpenJDK Runtime Environment (8.0_202-b03) (build 1.8.0_202-release-1483-b03)
# Java VM: OpenJDK 64-Bit Server VM (25.202-b03 mixed mode windows-amd64 compressed oops)
Heap:
 PSYoungGen      total 255488K, used 39699K [0x00000000e0000000, 0x00000000f3200000, 0x0000000100000000)
  eden space 225280K, 11% used [0x00000000e0000000,0x00000000e19f41c0,0x00000000edc00000)
  from space 30208K, 43% used [0x00000000f1480000,0x00000000f2150ab0,0x00000000f3200000)
  to   space 20480K, 0% used [0x00000000edc00000,0x00000000edc00000,0x00000000ef000000)
 ParOldGen       total 165888K, used 59964K [0x00000000a0000000, 0x00000000aa200000, 0x00000000e0000000)
  object space 165888K, 36% used [0x00000000a0000000,0x00000000a3a8f118,0x00000000aa200000)
 Metaspace       used 83651K, capacity 89028K, committed 89112K, reserved 1126400K
  class space    used 11365K, capacity 12281K, committed 12328K, reserved 1048576K
GC Heap History (10 events):
Event: 8.887 GC heap before
{Heap before GC invocations=13 (full 2):
 PSYoungGen      total 179200K, used 24797K [0x00000000e0000000, 0x00000000ec800000, 0x0000000100000000)
  eden space 163840K, 5% used [0x00000000e0000000,0x00000000e093a378,0x00000000ea000000)
  from space 15360K, 99% used [0x00000000eb300000,0x00000000ec1fd3b0,0x00000000ec200000)
  to   space 19456K, 0% used [0x00000000ea000000,0x00000000ea000000,0x00000000eb300000)
 ParOldGen       total 115712K, used 24537K [0x00000000a0000000, 0x00000000a7100000, 0x00000000e0000000)
  object space 115712K, 21% used [0x00000000a0000000,0x00000000a17f6670,0x00000000a7100000)
 Metaspace       used 57497K, capacity 59058K, committed 59160K, reserved 1099776K
  class space    used 7809K, capacity 8192K, committed 8232K, reserved 1048576K
Event: 8.907 GC heap after
Heap after GC invocations=13 (full 2):
 PSYoungGen      total 183296K, used 1338K [0x00000000e0000000, 0x00000000f0a00000, 0x0000000100000000)
  eden space 163840K, 0% used [0x00000000e0000000,0x00000000e0000000,0x00000000ea000000)
  from space 19456K, 6% used [0x00000000ea000000,0x00000000ea14eac8,0x00000000eb300000)
  to   space 19968K, 0% used [0x00000000ef680000,0x00000000ef680000,0x00000000f0a00000)
 ParOldGen       total 115712K, used 37703K [0x00000000a0000000, 0x00000000a7100000, 0x00000000e0000000)
  object space 115712K, 32% used [0x00000000a0000000,0x00000000a24d1d80,0x00000000a7100000)
 Metaspace       used 57497K, capacity 59058K, committed 59160K, reserved 1099776K
  class space    used 7809K, capacity 8192K, committed 8232K, reserved 1048576K
}
Event: 8.907 GC heap before
{Heap before GC invocations=14 (full 3):
 PSYoungGen      total 183296K, used 1338K [0x00000000e0000000, 0x00000000f0a00000, 0x0000000100000000)
  eden space 163840K, 0% used [0x00000000e0000000,0x00000000e0000000,0x00000000ea000000)
  from space 19456K, 6% used [0x00000000ea000000,0x00000000ea14eac8,0x00000000eb300000)
  to   space 19968K, 0% used [0x00000000ef680000,0x00000000ef680000,0x00000000f0a00000)
 ParOldGen       total 115712K, used 37703K [0x00000000a0000000, 0x00000000a7100000, 0x00000000e0000000)
  object space 115712K, 32% used [0x00000000a0000000,0x00000000a24d1d80,0x00000000a7100000)
 Metaspace       used 57497K, capacity 59058K, committed 59160K, reserved 1099776K
  class space    used 7809K, capacity 8192K, committed 8232K, reserved 1048576K
Event: 9.138 GC heap after
Heap after GC invocations=14 (full 3):
 PSYoungGen      total 183296K, used 0K [0x00000000e0000000, 0x00000000f0a00000, 0x0000000100000000)
  eden space 163840K, 0% used [0x00000000e0000000,0x00000000e0000000,0x00000000ea000000)
  from space 19456K, 0% used [0x00000000ea000000,0x00000000ea000000,0x00000000eb300000)
  to   space 19968K, 0% used [0x00000000ef680000,0x00000000ef680000,0x00000000f0a00000)
 ParOldGen       total 165888K, used 28732K [0x00000000a0000000, 0x00000000aa200000, 0x00000000e0000000)
  object space 165888K, 17% used [0x00000000a0000000,0x00000000a1c0f040,0x00000000aa200000)
 Metaspace       used 57497K, capacity 59058K, committed 59160K, reserved 1099776K
  class space    used 7809K, capacity 8192K, committed 8232K, reserved 1048576K
}
Event: 14.385 GC heap before
{Heap before GC invocations=15 (full 3):
 PSYoungGen      total 183296K, used 163840K [0x00000000e0000000, 0x00000000f0a00000, 0x0000000100000000)
  eden space 163840K, 100% used [0x00000000e0000000,0x00000000ea000000,0x00000000ea000000)
  from space 19456K, 0% used [0x00000000ea000000,0x00000000ea000000,0x00000000eb300000)
  to   space 19968K, 0% used [0x00000000ef680000,0x00000000ef680000,0x00000000f0a00000)
 ParOldGen       total 165888K, used 28732K [0x00000000a0000000, 0x00000000aa200000, 0x00000000e0000000)
  object space 165888K, 17% used [0x00000000a0000000,0x00000000a1c0f040,0x00000000aa200000)
 Metaspace       used 65698K, capacity 68226K, committed 68376K, reserved 1107968K
  class space    used 8927K, capacity 9484K, committed 9512K, reserved 1048576K
Event: 14.407 GC heap after
Heap after GC invocations=15 (full 3):
 PSYoungGen      total 219648K, used 13446K [0x00000000e0000000, 0x00000000f0400000, 0x0000000100000000)
  eden space 205824K, 0% used [0x00000000e0000000,0x00000000e0000000,0x00000000ec900000)
  from space 13824K, 97% used [0x00000000ef680000,0x00000000f03a1a98,0x00000000f0400000)
  to   space 20480K, 0% used [0x00000000edc00000,0x00000000edc00000,0x00000000ef000000)
 ParOldGen       total 165888K, used 28740K [0x00000000a0000000, 0x00000000aa200000, 0x00000000e0000000)
  object space 165888K, 17% used [0x00000000a0000000,0x00000000a1c11040,0x00000000aa200000)
 Metaspace       used 65698K, capacity 68226K, committed 68376K, reserved 1107968K
  class space    used 8927K, capacity 9484K, committed 9512K, reserved 1048576K
}
Event: 19.185 GC heap before
{Heap before GC invocations=16 (full 3):
 PSYoungGen      total 219648K, used 219270K [0x00000000e0000000, 0x00000000f0400000, 0x0000000100000000)
  eden space 205824K, 100% used [0x00000000e0000000,0x00000000ec900000,0x00000000ec900000)
  from space 13824K, 97% used [0x00000000ef680000,0x00000000f03a1a98,0x00000000f0400000)
  to   space 20480K, 0% used [0x00000000edc00000,0x00000000edc00000,0x00000000ef000000)
 ParOldGen       total 165888K, used 28740K [0x00000000a0000000, 0x00000000aa200000, 0x00000000e0000000)
  object space 165888K, 17% used [0x00000000a0000000,0x00000000a1c11040,0x00000000aa200000)
 Metaspace       used 76038K, capacity 80876K, committed 81048K, reserved 1118208K
  class space    used 10547K, capacity 11395K, committed 11432K, reserved 1048576K
Event: 19.222 GC heap after
Heap after GC invocations=16 (full 3):
 PSYoungGen      total 245760K, used 20457K [0x00000000e0000000, 0x00000000f3200000, 0x0000000100000000)
  eden space 225280K, 0% used [0x00000000e0000000,0x00000000e0000000,0x00000000edc00000)
  from space 20480K, 99% used [0x00000000edc00000,0x00000000eeffa7f0,0x00000000ef000000)
  to   space 30208K, 0% used [0x00000000f1480000,0x00000000f1480000,0x00000000f3200000)
 ParOldGen       total 165888K, used 47391K [0x00000000a0000000, 0x00000000aa200000, 0x00000000e0000000)
  object space 165888K, 28% used [0x00000000a0000000,0x00000000a2e47c48,0x00000000aa200000)
 Metaspace       used 76038K, capacity 80876K, committed 81048K, reserved 1118208K
  class space    used 10547K, capacity 11395K, committed 11432K, reserved 1048576K
}
Event: 267.801 GC heap before
{Heap before GC invocations=17 (full 3):
 PSYoungGen      total 245760K, used 245737K [0x00000000e0000000, 0x00000000f3200000, 0x0000000100000000)
  eden space 225280K, 100% used [0x00000000e0000000,0x00000000edc00000,0x00000000edc00000)
  from space 20480K, 99% used [0x00000000edc00000,0x00000000eeffa7f0,0x00000000ef000000)
  to   space 30208K, 0% used [0x00000000f1480000,0x00000000f1480000,0x00000000f3200000)
 ParOldGen       total 165888K, used 47391K [0x00000000a0000000, 0x00000000aa200000, 0x00000000e0000000)
  object space 165888K, 28% used [0x00000000a0000000,0x00000000a2e47c48,0x00000000aa200000)
 Metaspace       used 83613K, capacity 89022K, committed 89112K, reserved 1126400K
  class space    used 11364K, capacity 12280K, committed 12328K, reserved 1048576K
Event: 267.840 GC heap after
Heap after GC invocations=17 (full 3):
 PSYoungGen      total 255488K, used 13122K [0x00000000e0000000, 0x00000000f3200000, 0x0000000100000000)
  eden space 225280K, 0% used [0x00000000e0000000,0x00000000e0000000,0x00000000edc00000)
  from space 30208K, 43% used [0x00000000f1480000,0x00000000f2150ab0,0x00000000f3200000)
  to   space 20480K, 0% used [0x00000000edc00000,0x00000000edc00000,0x00000000ef000000)
 ParOldGen       total 165888K, used 59964K [0x00000000a0000000, 0x00000000aa200000, 0x00000000e0000000)
  object space 165888K, 36% used [0x00000000a0000000,0x00000000a3a8f118,0x00000000aa200000)
 Metaspace       used 83613K, capacity 89022K, committed 89112K, reserved 1126400K
  class space    used 11364K, capacity 12280K, committed 12328K, reserved 1048576K
}

