# JRE version: OpenJDK Runtime Environment (8.0_202-b03) (build 1.8.0_202-release-1483-b03)
# Java VM: OpenJDK 64-Bit Server VM (25.202-b03 mixed mode windows-amd64 compressed oops)
Heap:
 PSYoungGen      total 176640K, used 37030K [0x00000000e0000000, 0x00000000eba80000, 0x0000000100000000)
  eden space 162304K, 16% used [0x00000000e0000000,0x00000000e1a10ea8,0x00000000e9e80000)
  from space 14336K, 72% used [0x00000000e9e80000,0x00000000ea898c88,0x00000000eac80000)
  to   space 12288K, 0% used [0x00000000eae80000,0x00000000eae80000,0x00000000eba80000)
 ParOldGen       total 121856K, used 33519K [0x00000000a0000000, 0x00000000a7700000, 0x00000000e0000000)
  object space 121856K, 27% used [0x00000000a0000000,0x00000000a20bbe88,0x00000000a7700000)
 Metaspace       used 62269K, capacity 64738K, committed 64792K, reserved 1105920K
  class space    used 8470K, capacity 8984K, committed 9000K, reserved 1048576K
GC Heap History (10 events):
Event: 6.361 GC heap before
{Heap before GC invocations=8 (full 2):
 PSYoungGen      total 174592K, used 12062K [0x00000000e0000000, 0x00000000eba80000, 0x0000000100000000)
  eden space 162304K, 0% used [0x00000000e0000000,0x00000000e0000000,0x00000000e9e80000)
  from space 12288K, 98% used [0x00000000eae80000,0x00000000eba47948,0x00000000eba80000)
  to   space 14336K, 0% used [0x00000000e9e80000,0x00000000e9e80000,0x00000000eac80000)
 ParOldGen       total 77824K, used 12842K [0x00000000a0000000, 0x00000000a4c00000, 0x00000000e0000000)
  object space 77824K, 16% used [0x00000000a0000000,0x00000000a0c8a8d0,0x00000000a4c00000)
 Metaspace       used 34734K, capacity 35450K, committed 35496K, reserved 1079296K
  class space    used 4789K, capacity 5008K, committed 5032K, reserved 1048576K
Event: 6.423 GC heap after
Heap after GC invocations=8 (full 2):
 PSYoungGen      total 174592K, used 0K [0x00000000e0000000, 0x00000000eba80000, 0x0000000100000000)
  eden space 162304K, 0% used [0x00000000e0000000,0x00000000e0000000,0x00000000e9e80000)
  from space 12288K, 0% used [0x00000000eae80000,0x00000000eae80000,0x00000000eba80000)
  to   space 14336K, 0% used [0x00000000e9e80000,0x00000000e9e80000,0x00000000eac80000)
 ParOldGen       total 121856K, used 18806K [0x00000000a0000000, 0x00000000a7700000, 0x00000000e0000000)
  object space 121856K, 15% used [0x00000000a0000000,0x00000000a125d968,0x00000000a7700000)
 Metaspace       used 34702K, capacity 35342K, committed 35496K, reserved 1079296K
  class space    used 4779K, capacity 4990K, committed 5032K, reserved 1048576K
}
Event: 8.551 GC heap before
{Heap before GC invocations=9 (full 2):
 PSYoungGen      total 174592K, used 162304K [0x00000000e0000000, 0x00000000eba80000, 0x0000000100000000)
  eden space 162304K, 100% used [0x00000000e0000000,0x00000000e9e80000,0x00000000e9e80000)
  from space 12288K, 0% used [0x00000000eae80000,0x00000000eae80000,0x00000000eba80000)
  to   space 14336K, 0% used [0x00000000e9e80000,0x00000000e9e80000,0x00000000eac80000)
 ParOldGen       total 121856K, used 18806K [0x00000000a0000000, 0x00000000a7700000, 0x00000000e0000000)
  object space 121856K, 15% used [0x00000000a0000000,0x00000000a125d968,0x00000000a7700000)
 Metaspace       used 49898K, capacity 51210K, committed 51368K, reserved 1093632K
  class space    used 6731K, capacity 7068K, committed 7080K, reserved 1048576K
Event: 8.569 GC heap after
Heap after GC invocations=9 (full 2):
 PSYoungGen      total 176640K, used 14334K [0x00000000e0000000, 0x00000000eba80000, 0x0000000100000000)
  eden space 162304K, 0% used [0x00000000e0000000,0x00000000e0000000,0x00000000e9e80000)
  from space 14336K, 99% used [0x00000000e9e80000,0x00000000eac7faa8,0x00000000eac80000)
  to   space 12288K, 0% used [0x00000000eae80000,0x00000000eae80000,0x00000000eba80000)
 ParOldGen       total 121856K, used 25179K [0x00000000a0000000, 0x00000000a7700000, 0x00000000e0000000)
  object space 121856K, 20% used [0x00000000a0000000,0x00000000a1896f90,0x00000000a7700000)
 Metaspace       used 49898K, capacity 51210K, committed 51368K, reserved 1093632K
  class space    used 6731K, capacity 7068K, committed 7080K, reserved 1048576K
}
Event: 9.936 GC heap before
{Heap before GC invocations=10 (full 2):
 PSYoungGen      total 176640K, used 111465K [0x00000000e0000000, 0x00000000eba80000, 0x0000000100000000)
  eden space 162304K, 59% used [0x00000000e0000000,0x00000000e5edad28,0x00000000e9e80000)
  from space 14336K, 99% used [0x00000000e9e80000,0x00000000eac7faa8,0x00000000eac80000)
  to   space 12288K, 0% used [0x00000000eae80000,0x00000000eae80000,0x00000000eba80000)
 ParOldGen       total 121856K, used 25179K [0x00000000a0000000, 0x00000000a7700000, 0x00000000e0000000)
  object space 121856K, 20% used [0x00000000a0000000,0x00000000a1896f90,0x00000000a7700000)
 Metaspace       used 57500K, capacity 59058K, committed 59160K, reserved 1099776K
  class space    used 7809K, capacity 8192K, committed 8232K, reserved 1048576K
Event: 9.955 GC heap after
Heap after GC invocations=10 (full 2):
 PSYoungGen      total 174592K, used 12276K [0x00000000e0000000, 0x00000000eba80000, 0x0000000100000000)
  eden space 162304K, 0% used [0x00000000e0000000,0x00000000e0000000,0x00000000e9e80000)
  from space 12288K, 99% used [0x00000000eae80000,0x00000000eba7d320,0x00000000eba80000)
  to   space 14336K, 0% used [0x00000000e9e80000,0x00000000e9e80000,0x00000000eac80000)
 ParOldGen       total 121856K, used 32239K [0x00000000a0000000, 0x00000000a7700000, 0x00000000e0000000)
  object space 121856K, 26% used [0x00000000a0000000,0x00000000a1f7bc00,0x00000000a7700000)
 Metaspace       used 57500K, capacity 59058K, committed 59160K, reserved 1099776K
  class space    used 7809K, capacity 8192K, committed 8232K, reserved 1048576K
}
Event: 9.955 GC heap before
{Heap before GC invocations=11 (full 3):
 PSYoungGen      total 174592K, used 12276K [0x00000000e0000000, 0x00000000eba80000, 0x0000000100000000)
  eden space 162304K, 0% used [0x00000000e0000000,0x00000000e0000000,0x00000000e9e80000)
  from space 12288K, 99% used [0x00000000eae80000,0x00000000eba7d320,0x00000000eba80000)
  to   space 14336K, 0% used [0x00000000e9e80000,0x00000000e9e80000,0x00000000eac80000)
 ParOldGen       total 121856K, used 32239K [0x00000000a0000000, 0x00000000a7700000, 0x00000000e0000000)
  object space 121856K, 26% used [0x00000000a0000000,0x00000000a1f7bc00,0x00000000a7700000)
 Metaspace       used 57500K, capacity 59058K, committed 59160K, reserved 1099776K
  class space    used 7809K, capacity 8192K, committed 8232K, reserved 1048576K
Event: 10.200 GC heap after
Heap after GC invocations=11 (full 3):
 PSYoungGen      total 174592K, used 0K [0x00000000e0000000, 0x00000000eba80000, 0x0000000100000000)
  eden space 162304K, 0% used [0x00000000e0000000,0x00000000e0000000,0x00000000e9e80000)
  from space 12288K, 0% used [0x00000000eae80000,0x00000000eae80000,0x00000000eba80000)
  to   space 14336K, 0% used [0x00000000e9e80000,0x00000000e9e80000,0x00000000eac80000)
 ParOldGen       total 121856K, used 33511K [0x00000000a0000000, 0x00000000a7700000, 0x00000000e0000000)
  object space 121856K, 27% used [0x00000000a0000000,0x00000000a20b9e88,0x00000000a7700000)
 Metaspace       used 57500K, capacity 59058K, committed 59160K, reserved 1099776K
  class space    used 7809K, capacity 8192K, committed 8232K, reserved 1048576K
}
Event: 13.677 GC heap before
{Heap before GC invocations=12 (full 3):
 PSYoungGen      total 174592K, used 162304K [0x00000000e0000000, 0x00000000eba80000, 0x0000000100000000)
  eden space 162304K, 100% used [0x00000000e0000000,0x00000000e9e80000,0x00000000e9e80000)
  from space 12288K, 0% used [0x00000000eae80000,0x00000000eae80000,0x00000000eba80000)
  to   space 14336K, 0% used [0x00000000e9e80000,0x00000000e9e80000,0x00000000eac80000)
 ParOldGen       total 121856K, used 33511K [0x00000000a0000000, 0x00000000a7700000, 0x00000000e0000000)
  object space 121856K, 27% used [0x00000000a0000000,0x00000000a20b9e88,0x00000000a7700000)
 Metaspace       used 62056K, capacity 64592K, committed 64792K, reserved 1105920K
  class space    used 8450K, capacity 8983K, committed 9000K, reserved 1048576K
Event: 13.693 GC heap after
Heap after GC invocations=12 (full 3):
 PSYoungGen      total 176640K, used 10339K [0x00000000e0000000, 0x00000000eba80000, 0x0000000100000000)
  eden space 162304K, 0% used [0x00000000e0000000,0x00000000e0000000,0x00000000e9e80000)
  from space 14336K, 72% used [0x00000000e9e80000,0x00000000ea898c88,0x00000000eac80000)
  to   space 12288K, 0% used [0x00000000eae80000,0x00000000eae80000,0x00000000eba80000)
 ParOldGen       total 121856K, used 33519K [0x00000000a0000000, 0x00000000a7700000, 0x00000000e0000000)
  object space 121856K, 27% used [0x00000000a0000000,0x00000000a20bbe88,0x00000000a7700000)
 Metaspace       used 62056K, capacity 64592K, committed 64792K, reserved 1105920K
  class space    used 8450K, capacity 8983K, committed 9000K, reserved 1048576K
}

