# JRE version: OpenJDK Runtime Environment (8.0_202-b03) (build 1.8.0_202-release-1483-b03)
# Java VM: OpenJDK 64-Bit Server VM (25.202-b03 mixed mode windows-amd64 compressed oops)
Heap:
 PSYoungGen      total 162304K, used 141961K [0x00000000e0000000, 0x00000000ed080000, 0x0000000100000000)
  eden space 145920K, 86% used [0x00000000e0000000,0x00000000e7b18b78,0x00000000e8e80000)
  from space 16384K, 97% used [0x00000000e9280000,0x00000000ea2098f0,0x00000000ea280000)
  to   space 33792K, 0% used [0x00000000eaf80000,0x00000000eaf80000,0x00000000ed080000)
 ParOldGen       total 164352K, used 66392K [0x00000000a0000000, 0x00000000aa080000, 0x00000000e0000000)
  object space 164352K, 40% used [0x00000000a0000000,0x00000000a40d6108,0x00000000aa080000)
 Metaspace       used 89954K, capacity 94730K, committed 94936K, reserved 1132544K
  class space    used 11614K, capacity 12466K, committed 12544K, reserved 1048576K
GC Heap History (10 events):
Event: 3764.456 GC heap before
{Heap before GC invocations=24 (full 3):
 PSYoungGen      total 202752K, used 195814K [0x00000000e0000000, 0x00000000eed80000, 0x0000000100000000)
  eden space 167424K, 99% used [0x00000000e0000000,0x00000000ea3053a0,0x00000000ea380000)
  from space 35328K, 81% used [0x00000000eca80000,0x00000000ee6b45b8,0x00000000eed00000)
  to   space 37888K, 0% used [0x00000000ea380000,0x00000000ea380000,0x00000000ec880000)
 ParOldGen       total 164352K, used 66352K [0x00000000a0000000, 0x00000000aa080000, 0x00000000e0000000)
  object space 164352K, 40% used [0x00000000a0000000,0x00000000a40cc108,0x00000000aa080000)
 Metaspace       used 88827K, capacity 93496K, committed 93656K, reserved 1130496K
  class space    used 11607K, capacity 12423K, committed 12544K, reserved 1048576K
Event: 3764.478 GC heap after
Heap after GC invocations=24 (full 3):
 PSYoungGen      total 180224K, used 17268K [0x00000000e0000000, 0x00000000ee600000, 0x0000000100000000)
  eden space 162816K, 0% used [0x00000000e0000000,0x00000000e0000000,0x00000000e9f00000)
  from space 17408K, 99% used [0x00000000ea380000,0x00000000eb45d060,0x00000000eb480000)
  to   space 36352K, 0% used [0x00000000ec280000,0x00000000ec280000,0x00000000ee600000)
 ParOldGen       total 164352K, used 66360K [0x00000000a0000000, 0x00000000aa080000, 0x00000000e0000000)
  object space 164352K, 40% used [0x00000000a0000000,0x00000000a40ce108,0x00000000aa080000)
 Metaspace       used 88827K, capacity 93496K, committed 93656K, reserved 1130496K
  class space    used 11607K, capacity 12423K, committed 12544K, reserved 1048576K
}
Event: 3773.535 GC heap before
{Heap before GC invocations=25 (full 3):
 PSYoungGen      total 180224K, used 180084K [0x00000000e0000000, 0x00000000ee600000, 0x0000000100000000)
  eden space 162816K, 100% used [0x00000000e0000000,0x00000000e9f00000,0x00000000e9f00000)
  from space 17408K, 99% used [0x00000000ea380000,0x00000000eb45d060,0x00000000eb480000)
  to   space 36352K, 0% used [0x00000000ec280000,0x00000000ec280000,0x00000000ee600000)
 ParOldGen       total 164352K, used 66360K [0x00000000a0000000, 0x00000000aa080000, 0x00000000e0000000)
  object space 164352K, 40% used [0x00000000a0000000,0x00000000a40ce108,0x00000000aa080000)
 Metaspace       used 89362K, capacity 94030K, committed 94168K, reserved 1130496K
  class space    used 11611K, capacity 12462K, committed 12544K, reserved 1048576K
Event: 3773.562 GC heap after
Heap after GC invocations=25 (full 3):
 PSYoungGen      total 192000K, used 25827K [0x00000000e0000000, 0x00000000ee380000, 0x0000000100000000)
  eden space 158208K, 0% used [0x00000000e0000000,0x00000000e0000000,0x00000000e9a80000)
  from space 33792K, 76% used [0x00000000ec280000,0x00000000edbb8de0,0x00000000ee380000)
  to   space 37376K, 0% used [0x00000000e9a80000,0x00000000e9a80000,0x00000000ebf00000)
 ParOldGen       total 164352K, used 66368K [0x00000000a0000000, 0x00000000aa080000, 0x00000000e0000000)
  object space 164352K, 40% used [0x00000000a0000000,0x00000000a40d0108,0x00000000aa080000)
 Metaspace       used 89362K, capacity 94030K, committed 94168K, reserved 1130496K
  class space    used 11611K, capacity 12462K, committed 12544K, reserved 1048576K
}
Event: 4060.188 GC heap before
{Heap before GC invocations=26 (full 3):
 PSYoungGen      total 192000K, used 184035K [0x00000000e0000000, 0x00000000ee380000, 0x0000000100000000)
  eden space 158208K, 100% used [0x00000000e0000000,0x00000000e9a80000,0x00000000e9a80000)
  from space 33792K, 76% used [0x00000000ec280000,0x00000000edbb8de0,0x00000000ee380000)
  to   space 37376K, 0% used [0x00000000e9a80000,0x00000000e9a80000,0x00000000ebf00000)
 ParOldGen       total 164352K, used 66368K [0x00000000a0000000, 0x00000000aa080000, 0x00000000e0000000)
  object space 164352K, 40% used [0x00000000a0000000,0x00000000a40d0108,0x00000000aa080000)
 Metaspace       used 89454K, capacity 94106K, committed 94424K, reserved 1130496K
  class space    used 11611K, capacity 12462K, committed 12544K, reserved 1048576K
Event: 4060.202 GC heap after
Heap after GC invocations=26 (full 3):
 PSYoungGen      total 166912K, used 12512K [0x00000000e0000000, 0x00000000edd80000, 0x0000000100000000)
  eden space 154112K, 0% used [0x00000000e0000000,0x00000000e0000000,0x00000000e9680000)
  from space 12800K, 97% used [0x00000000e9a80000,0x00000000ea6b8050,0x00000000ea700000)
  to   space 36352K, 0% used [0x00000000eba00000,0x00000000eba00000,0x00000000edd80000)
 ParOldGen       total 164352K, used 66376K [0x00000000a0000000, 0x00000000aa080000, 0x00000000e0000000)
  object space 164352K, 40% used [0x00000000a0000000,0x00000000a40d2108,0x00000000aa080000)
 Metaspace       used 89454K, capacity 94106K, committed 94424K, reserved 1130496K
  class space    used 11611K, capacity 12462K, committed 12544K, reserved 1048576K
}
Event: 5567.301 GC heap before
{Heap before GC invocations=27 (full 3):
 PSYoungGen      total 166912K, used 165300K [0x00000000e0000000, 0x00000000edd80000, 0x0000000100000000)
  eden space 154112K, 99% used [0x00000000e0000000,0x00000000e95350f8,0x00000000e9680000)
  from space 12800K, 97% used [0x00000000e9a80000,0x00000000ea6b8050,0x00000000ea700000)
  to   space 36352K, 0% used [0x00000000eba00000,0x00000000eba00000,0x00000000edd80000)
 ParOldGen       total 164352K, used 66376K [0x00000000a0000000, 0x00000000aa080000, 0x00000000e0000000)
  object space 164352K, 40% used [0x00000000a0000000,0x00000000a40d2108,0x00000000aa080000)
 Metaspace       used 89580K, capacity 94268K, committed 94424K, reserved 1130496K
  class space    used 11612K, capacity 12465K, committed 12544K, reserved 1048576K
Event: 5567.374 GC heap after
Heap after GC invocations=27 (full 3):
 PSYoungGen      total 180224K, used 15738K [0x00000000e0000000, 0x00000000ed780000, 0x0000000100000000)
  eden space 150016K, 0% used [0x00000000e0000000,0x00000000e0000000,0x00000000e9280000)
  from space 30208K, 52% used [0x00000000eba00000,0x00000000ec95e870,0x00000000ed780000)
  to   space 35328K, 0% used [0x00000000e9280000,0x00000000e9280000,0x00000000eb500000)
 ParOldGen       total 164352K, used 66384K [0x00000000a0000000, 0x00000000aa080000, 0x00000000e0000000)
  object space 164352K, 40% used [0x00000000a0000000,0x00000000a40d4108,0x00000000aa080000)
 Metaspace       used 89580K, capacity 94268K, committed 94424K, reserved 1130496K
  class space    used 11612K, capacity 12465K, committed 12544K, reserved 1048576K
}
Event: 5582.234 GC heap before
{Heap before GC invocations=28 (full 3):
 PSYoungGen      total 180224K, used 165754K [0x00000000e0000000, 0x00000000ed780000, 0x0000000100000000)
  eden space 150016K, 100% used [0x00000000e0000000,0x00000000e9280000,0x00000000e9280000)
  from space 30208K, 52% used [0x00000000eba00000,0x00000000ec95e870,0x00000000ed780000)
  to   space 35328K, 0% used [0x00000000e9280000,0x00000000e9280000,0x00000000eb500000)
 ParOldGen       total 164352K, used 66384K [0x00000000a0000000, 0x00000000aa080000, 0x00000000e0000000)
  object space 164352K, 40% used [0x00000000a0000000,0x00000000a40d4108,0x00000000aa080000)
 Metaspace       used 89913K, capacity 94726K, committed 94936K, reserved 1132544K
  class space    used 11613K, capacity 12466K, committed 12544K, reserved 1048576K
Event: 5582.249 GC heap after
Heap after GC invocations=28 (full 3):
 PSYoungGen      total 162304K, used 15910K [0x00000000e0000000, 0x00000000ed080000, 0x0000000100000000)
  eden space 145920K, 0% used [0x00000000e0000000,0x00000000e0000000,0x00000000e8e80000)
  from space 16384K, 97% used [0x00000000e9280000,0x00000000ea2098f0,0x00000000ea280000)
  to   space 33792K, 0% used [0x00000000eaf80000,0x00000000eaf80000,0x00000000ed080000)
 ParOldGen       total 164352K, used 66392K [0x00000000a0000000, 0x00000000aa080000, 0x00000000e0000000)
  object space 164352K, 40% used [0x00000000a0000000,0x00000000a40d6108,0x00000000aa080000)
 Metaspace       used 89913K, capacity 94726K, committed 94936K, reserved 1132544K
  class space    used 11613K, capacity 12466K, committed 12544K, reserved 1048576K
}

